[debug] [2021-11-06T11:44:42.888Z] ----------------------------------------------------------------------
[debug] [2021-11-06T11:44:42.890Z] Command:       C:\Program Files\nodejs\node.exe C:\Users\Abery\AppData\Roaming\npm\node_modules\firebase-tools\lib\bin\firebase.js init
[debug] [2021-11-06T11:44:42.890Z] CLI Version:   9.21.0
[debug] [2021-11-06T11:44:42.890Z] Platform:      win32
[debug] [2021-11-06T11:44:42.890Z] Node Version:  v14.17.1
[debug] [2021-11-06T11:44:42.891Z] Time:          Sat Nov 06 2021 16:44:42 GMT+0500 (Екатеринбург, стандартное время)
[debug] [2021-11-06T11:44:42.891Z] ----------------------------------------------------------------------
[debug] 
[debug] [2021-11-06T11:44:42.898Z] > command requires scopes: ["email","openid","https://www.googleapis.com/auth/cloudplatformprojects.readonly","https://www.googleapis.com/auth/firebase","https://www.googleapis.com/auth/cloud-platform"]
[debug] [2021-11-06T11:44:42.899Z] > authorizing via signed-in user (sergey.aberyasev@gmail.com)
[info] 
     ######## #### ########  ######## ########     ###     ######  ########
     ##        ##  ##     ## ##       ##     ##  ##   ##  ##       ##
     ######    ##  ########  ######   ########  #########  ######  ######
     ##        ##  ##    ##  ##       ##     ## ##     ##       ## ##
     ##       #### ##     ## ######## ########  ##     ##  ######  ########

You're about to initialize a Firebase project in this directory:

  D:\Проекты\ProjectCode\Vue\calculate-cash-flow-vue3

[info] 
=== Project Setup
[info] 
[info] First, let's associate this project directory with a Firebase project.
[info] You can create multiple project aliases by running firebase use --add, 
[info] but for now we'll just set up a default project.
[info] 
[debug] [2021-11-06T12:00:25.915Z] > refreshing access token with scopes: []
[debug] [2021-11-06T12:00:25.915Z] >>> HTTP REQUEST POST https://www.googleapis.com/oauth2/v3/token  
 <request body omitted>
[debug] [2021-11-06T12:00:26.115Z] <<< HTTP RESPONSE 200 {"expires":"Mon, 01 Jan 1990 00:00:00 GMT","cache-control":"no-cache, no-store, max-age=0, must-revalidate","pragma":"no-cache","date":"Sat, 06 Nov 2021 12:00:25 GMT","content-type":"application/json; charset=utf-8","vary":"X-Origin, Referer, Origin,Accept-Encoding","server":"scaffolding on HTTPServer2","x-xss-protection":"0","x-frame-options":"SAMEORIGIN","x-content-type-options":"nosniff","alt-svc":"h3=\":443\"; ma=2592000,h3-29=\":443\"; ma=2592000,h3-Q050=\":443\"; ma=2592000,h3-Q046=\":443\"; ma=2592000,h3-Q043=\":443\"; ma=2592000,quic=\":443\"; ma=2592000; v=\"46,43\"","accept-ranges":"none","transfer-encoding":"chunked"}
[debug] [2021-11-06T12:00:26.129Z] >>> [apiv2][query] GET https://firebase.googleapis.com/v1beta1/availableProjects pageSize=100
[debug] [2021-11-06T12:00:26.805Z] <<< [apiv2][status] GET https://firebase.googleapis.com/v1beta1/availableProjects 200
[debug] [2021-11-06T12:00:26.805Z] <<< [apiv2][body] GET https://firebase.googleapis.com/v1beta1/availableProjects [omitted]
[debug] [2021-11-06T12:01:00.577Z] ----------------------------------------------------------------------
[debug] [2021-11-06T12:01:00.580Z] Command:       C:\Program Files\nodejs\node.exe C:\Users\Abery\AppData\Roaming\npm\node_modules\firebase-tools\lib\bin\firebase.js init
[debug] [2021-11-06T12:01:00.580Z] CLI Version:   9.21.0
[debug] [2021-11-06T12:01:00.580Z] Platform:      win32
[debug] [2021-11-06T12:01:00.580Z] Node Version:  v14.17.1
[debug] [2021-11-06T12:01:00.581Z] Time:          Sat Nov 06 2021 17:01:00 GMT+0500 (Екатеринбург, стандартное время)
[debug] [2021-11-06T12:01:00.582Z] ----------------------------------------------------------------------
[debug] 
[debug] [2021-11-06T12:01:00.590Z] > command requires scopes: ["email","openid","https://www.googleapis.com/auth/cloudplatformprojects.readonly","https://www.googleapis.com/auth/firebase","https://www.googleapis.com/auth/cloud-platform"]
[debug] [2021-11-06T12:01:00.591Z] > authorizing via signed-in user (sergey.aberyasev@gmail.com)
[info] 
     ######## #### ########  ######## ########     ###     ######  ########
     ##        ##  ##     ## ##       ##     ##  ##   ##  ##       ##
     ######    ##  ########  ######   ########  #########  ######  ######
     ##        ##  ##    ##  ##       ##     ## ##     ##       ## ##
     ##       #### ##     ## ######## ########  ##     ##  ######  ########

You're about to initialize a Firebase project in this directory:

  D:\Проекты\ProjectCode\Vue\calculate-cash-flow-vue3

[info] 
=== Project Setup
[info] 
[info] First, let's associate this project directory with a Firebase project.
[info] You can create multiple project aliases by running firebase use --add, 
[info] but for now we'll just set up a default project.
[info] 
[debug] [2021-11-06T12:02:33.906Z] >>> [apiv2][query] GET https://firebase.googleapis.com/v1beta1/projects pageSize=100
[debug] [2021-11-06T12:02:34.460Z] <<< [apiv2][status] GET https://firebase.googleapis.com/v1beta1/projects 200
[debug] [2021-11-06T12:02:34.460Z] <<< [apiv2][body] GET https://firebase.googleapis.com/v1beta1/projects [omitted]
[info] i  Using project calculate-cash-flow (Calculate Cash Flow) 
[info] 
=== Hosting:github Setup
[info] 
[info] i  Detected a .git folder at D:\Проекты\ProjectCode\Vue\calculate-cash-flow-vue3 
[info] i  Authorizing with GitHub to upload your service account to a GitHub repository's secrets store. 
[info] 
[info] Visit this URL on this device to log in:
[info] https://github.com/login/oauth/authorize?client_id=89cf50f02ac6aaed3484&state=398762151&redirect_uri=http%3A%2F%2Flocalhost%3A9005&scope=read%3Auser%20repo%20public_repo
[info] 
[info] Waiting for authentication...
[debug] [2021-11-06T12:04:47.099Z] >>> HTTP REQUEST POST https://github.com/login/oauth/access_token  
 {"client_id":"89cf50f02ac6aaed3484","client_secret":"3330d14abc895d9a74d5f17cd7a00711fa2c5bf0","code":"61f20b168dd868563043","redirect_uri":"http://localhost:9005","state":"398762151"}
[debug] [2021-11-06T12:04:47.487Z] <<< HTTP RESPONSE 200 {"server":"GitHub.com","date":"Sat, 06 Nov 2021 12:04:46 GMT","content-type":"application/json; charset=utf-8","transfer-encoding":"chunked","vary":"X-PJAX, X-PJAX-Container, Accept-Encoding, Accept, X-Requested-With","permissions-policy":"interest-cohort=()","etag":"W/\"1b90e80005c7e5ab8646d1ce524cc0cb\"","cache-control":"max-age=0, private, must-revalidate","strict-transport-security":"max-age=31536000; includeSubdomains; preload","x-frame-options":"deny","x-content-type-options":"nosniff","x-xss-protection":"0","referrer-policy":"origin-when-cross-origin, strict-origin-when-cross-origin","expect-ct":"max-age=2592000, report-uri=\"https://api.github.com/_private/browser/errors\"","content-security-policy":"default-src 'none'; base-uri 'self'; block-all-mixed-content; child-src github.com/assets-cdn/worker/ gist.github.com/assets-cdn/worker/; connect-src 'self' uploads.github.com objects-origin.githubusercontent.com www.githubstatus.com collector.githubapp.com api.github.com github-cloud.s3.amazonaws.com github-production-repository-file-5c1aeb.s3.amazonaws.com github-production-upload-manifest-file-7fdce7.s3.amazonaws.com github-production-user-asset-6210df.s3.amazonaws.com cdn.optimizely.com logx.optimizely.com/v1/events translator.github.com wss://alive.github.com; font-src github.githubassets.com; form-action 'self' github.com gist.github.com objects-origin.githubusercontent.com; frame-ancestors 'none'; frame-src render.githubusercontent.com viewscreen.githubusercontent.com notebooks.githubusercontent.com; img-src 'self' data: github.githubassets.com identicons.github.com collector.githubapp.com github-cloud.s3.amazonaws.com secured-user-images.githubusercontent.com/ *.githubusercontent.com; manifest-src 'self'; media-src github.com user-images.githubusercontent.com/; script-src github.githubassets.com; style-src 'unsafe-inline' github.githubassets.com; worker-src github.com/assets-cdn/worker/ gist.github.com/assets-cdn/worker/","x-github-request-id":"0524:FD6A:143F109:153A082:61866F5E"}
[debug] [2021-11-06T12:04:47.493Z] >>> [apiv2][query] GET https://api.github.com/user [none]
[debug] [2021-11-06T12:04:47.884Z] <<< [apiv2][status] GET https://api.github.com/user 200
[debug] [2021-11-06T12:04:47.884Z] <<< [apiv2][body] GET https://api.github.com/user {"login":"SergeyAberyasev","id":72988055,"node_id":"MDQ6VXNlcjcyOTg4MDU1","avatar_url":"https://avatars.githubusercontent.com/u/72988055?v=4","gravatar_id":"","url":"https://api.github.com/users/SergeyAberyasev","html_url":"https://github.com/SergeyAberyasev","followers_url":"https://api.github.com/users/SergeyAberyasev/followers","following_url":"https://api.github.com/users/SergeyAberyasev/following{/other_user}","gists_url":"https://api.github.com/users/SergeyAberyasev/gists{/gist_id}","starred_url":"https://api.github.com/users/SergeyAberyasev/starred{/owner}{/repo}","subscriptions_url":"https://api.github.com/users/SergeyAberyasev/subscriptions","organizations_url":"https://api.github.com/users/SergeyAberyasev/orgs","repos_url":"https://api.github.com/users/SergeyAberyasev/repos","events_url":"https://api.github.com/users/SergeyAberyasev/events{/privacy}","received_events_url":"https://api.github.com/users/SergeyAberyasev/received_events","type":"User","site_admin":false,"name":"Sergey Aberyasev","company":null,"blog":"","location":"RU","email":null,"hireable":null,"bio":"Vue js (Vuex), Javascript, Python.","twitter_username":null,"public_repos":3,"public_gists":0,"followers":0,"following":0,"created_at":"2020-10-16T15:33:31Z","updated_at":"2021-11-05T13:27:18Z","private_gists":0,"total_private_repos":3,"owned_private_repos":3,"disk_usage":1476,"collaborators":0,"two_factor_authentication":false,"plan":{"name":"free","space":976562499,"collaborators":0,"private_repos":10000}}
[info] 
[info] +  Success! Logged into GitHub as SergeyAberyasev 
[info] 
[debug] [2021-11-06T12:06:01.635Z] >>> [apiv2][query] GET https://api.github.com/repos//actions/secrets/public-key type=owner
[debug] [2021-11-06T12:06:02.006Z] <<< [apiv2][status] GET https://api.github.com/repos//actions/secrets/public-key 404
[debug] [2021-11-06T12:06:02.006Z] <<< [apiv2][body] GET https://api.github.com/repos//actions/secrets/public-key {"message":"Not Found","documentation_url":"https://docs.github.com/rest"}
[debug] [2021-11-06T12:07:11.468Z] >>> [apiv2][query] GET https://api.github.com/repos/y/actions/secrets/public-key type=owner
[debug] [2021-11-06T12:07:11.825Z] <<< [apiv2][status] GET https://api.github.com/repos/y/actions/secrets/public-key 404
[debug] [2021-11-06T12:07:11.825Z] <<< [apiv2][body] GET https://api.github.com/repos/y/actions/secrets/public-key {"message":"Not Found","documentation_url":"https://docs.github.com/rest"}
[debug] [2021-11-06T12:07:29.776Z] >>> [apiv2][query] GET https://api.github.com/repos/G140181140181g/actions/secrets/public-key type=owner
[debug] [2021-11-06T12:07:30.102Z] <<< [apiv2][status] GET https://api.github.com/repos/G140181140181g/actions/secrets/public-key 404
[debug] [2021-11-06T12:07:30.102Z] <<< [apiv2][body] GET https://api.github.com/repos/G140181140181g/actions/secrets/public-key {"message":"Not Found","documentation_url":"https://docs.github.com/rest"}
[debug] [2021-11-06T12:13:06.353Z] >>> [apiv2][query] GET https://api.github.com/repos/SergeyAberyasev/actions/secrets/public-key type=owner
[debug] [2021-11-06T12:13:06.695Z] <<< [apiv2][status] GET https://api.github.com/repos/SergeyAberyasev/actions/secrets/public-key 404
[debug] [2021-11-06T12:13:06.695Z] <<< [apiv2][body] GET https://api.github.com/repos/SergeyAberyasev/actions/secrets/public-key {"message":"Not Found","documentation_url":"https://docs.github.com/rest"}
[debug] [2021-11-06T13:51:12.560Z] ----------------------------------------------------------------------
[debug] [2021-11-06T13:51:12.563Z] Command:       C:\Program Files\nodejs\node.exe C:\Users\Abery\AppData\Roaming\npm\node_modules\firebase-tools\lib\bin\firebase.js init
[debug] [2021-11-06T13:51:12.564Z] CLI Version:   9.21.0
[debug] [2021-11-06T13:51:12.564Z] Platform:      win32
[debug] [2021-11-06T13:51:12.564Z] Node Version:  v14.17.1
[debug] [2021-11-06T13:51:12.565Z] Time:          Sat Nov 06 2021 18:51:12 GMT+0500 (Екатеринбург, стандартное время)
[debug] [2021-11-06T13:51:12.566Z] ----------------------------------------------------------------------
[debug] 
[debug] [2021-11-06T13:51:12.574Z] > command requires scopes: ["email","openid","https://www.googleapis.com/auth/cloudplatformprojects.readonly","https://www.googleapis.com/auth/firebase","https://www.googleapis.com/auth/cloud-platform"]
[debug] [2021-11-06T13:51:12.574Z] > authorizing via signed-in user (sergey.aberyasev@gmail.com)
[info] 
     ######## #### ########  ######## ########     ###     ######  ########
     ##        ##  ##     ## ##       ##     ##  ##   ##  ##       ##
     ######    ##  ########  ######   ########  #########  ######  ######
     ##        ##  ##    ##  ##       ##     ## ##     ##       ## ##
     ##       #### ##     ## ######## ########  ##     ##  ######  ########

You're about to initialize a Firebase project in this directory:

  D:\Проекты\ProjectCode\Vue\calculate-cash-flow-vue3

[info] 
=== Project Setup
[info] 
[info] First, let's associate this project directory with a Firebase project.
[info] You can create multiple project aliases by running firebase use --add, 
[info] but for now we'll just set up a default project.
[info] 
[debug] [2021-11-06T13:51:41.777Z] > refreshing access token with scopes: []
[debug] [2021-11-06T13:51:41.778Z] >>> HTTP REQUEST POST https://www.googleapis.com/oauth2/v3/token  
 <request body omitted>
[debug] [2021-11-06T13:51:41.984Z] <<< HTTP RESPONSE 200 {"pragma":"no-cache","cache-control":"no-cache, no-store, max-age=0, must-revalidate","date":"Sat, 06 Nov 2021 13:51:41 GMT","expires":"Mon, 01 Jan 1990 00:00:00 GMT","content-type":"application/json; charset=utf-8","vary":"X-Origin, Referer, Origin,Accept-Encoding","server":"scaffolding on HTTPServer2","x-xss-protection":"0","x-frame-options":"SAMEORIGIN","x-content-type-options":"nosniff","alt-svc":"h3=\":443\"; ma=2592000,h3-29=\":443\"; ma=2592000,h3-Q050=\":443\"; ma=2592000,h3-Q046=\":443\"; ma=2592000,h3-Q043=\":443\"; ma=2592000,quic=\":443\"; ma=2592000; v=\"46,43\"","accept-ranges":"none","transfer-encoding":"chunked"}
[debug] [2021-11-06T13:51:41.998Z] >>> [apiv2][query] GET https://firebase.googleapis.com/v1beta1/projects pageSize=100
[debug] [2021-11-06T13:51:42.590Z] <<< [apiv2][status] GET https://firebase.googleapis.com/v1beta1/projects 200
[debug] [2021-11-06T13:51:42.590Z] <<< [apiv2][body] GET https://firebase.googleapis.com/v1beta1/projects [omitted]
[info] i  Using project calculate-cash-flow (Calculate Cash Flow) 
[info] 
=== Hosting Setup
[info] 
[info] Your public directory is the folder (relative to your project directory) that
[info] will contain Hosting assets to be uploaded with firebase deploy. If you
[info] have a build process for your assets, use your build's output directory.
[info] 
[debug] [2021-11-06T13:52:09.240Z] >>> [apiv2][query] GET https://www.gstatic.com/firebasejs/releases.json [none]
[debug] [2021-11-06T13:52:09.413Z] <<< [apiv2][status] GET https://www.gstatic.com/firebasejs/releases.json 200
[debug] [2021-11-06T13:52:09.413Z] <<< [apiv2][body] GET https://www.gstatic.com/firebasejs/releases.json {"current":{"version":"9.3.0","browserURL":"https://www.gstatic.com/firebasejs/9.3.0/firebase.js","packageURL":"https://www.gstatic.com/firebasejs/9.3.0/firebase.tgz"},"live":{"version":"9.3","browserURL":"https://www.gstatic.com/firebasejs/live/9.3/firebase.js","packageURL":"https://www.gstatic.com/firebasejs/live/9.3/firebase.tgz"},"components":{"analytics":"https://www.gstatic.com/firebasejs/9.3.0/firebase-analytics.js","app":"https://www.gstatic.com/firebasejs/9.3.0/firebase-app.js","app-check":"https://www.gstatic.com/firebasejs/9.3.0/firebase-app-check.js","auth":"https://www.gstatic.com/firebasejs/9.3.0/firebase-auth.js","auth/cordova":"https://www.gstatic.com/firebasejs/9.3.0/firebase-auth/cordova.js","auth/react-native":"https://www.gstatic.com/firebasejs/9.3.0/firebase-auth/react-native.js","functions":"https://www.gstatic.com/firebasejs/9.3.0/firebase-functions.js","firestore":"https://www.gstatic.com/firebasejs/9.3.0/firebase-firestore.js","firestore/lite":"https://www.gstatic.com/firebasejs/9.3.0/firebase-firestore/lite.js","storage":"https://www.gstatic.com/firebasejs/9.3.0/firebase-storage.js","performance":"https://www.gstatic.com/firebasejs/9.3.0/firebase-performance.js","remote-config":"https://www.gstatic.com/firebasejs/9.3.0/firebase-remote-config.js","messaging":"https://www.gstatic.com/firebasejs/9.3.0/firebase-messaging.js","messaging/sw":"https://www.gstatic.com/firebasejs/9.3.0/firebase-messaging/sw.js","database":"https://www.gstatic.com/firebasejs/9.3.0/firebase-database.js","firestore.memory":"https://www.gstatic.com/firebasejs/9.3.0/firebase-firestore.memory.js"}}
[info] +  Wrote y/index.html 
[info] 
[info] i  Detected a .git folder at D:\Проекты\ProjectCode\Vue\calculate-cash-flow-vue3 
[info] i  Authorizing with GitHub to upload your service account to a GitHub repository's secrets store. 
[info] 
[info] Visit this URL on this device to log in:
[info] https://github.com/login/oauth/authorize?client_id=89cf50f02ac6aaed3484&state=615913050&redirect_uri=http%3A%2F%2Flocalhost%3A9005&scope=read%3Auser%20repo%20public_repo
[info] 
[info] Waiting for authentication...
[debug] [2021-11-06T13:52:10.218Z] >>> HTTP REQUEST POST https://github.com/login/oauth/access_token  
 {"client_id":"89cf50f02ac6aaed3484","client_secret":"3330d14abc895d9a74d5f17cd7a00711fa2c5bf0","code":"b8b11fa980c00c203074","redirect_uri":"http://localhost:9005","state":"615913050"}
[debug] [2021-11-06T13:52:10.600Z] <<< HTTP RESPONSE 200 {"server":"GitHub.com","date":"Sat, 06 Nov 2021 13:52:09 GMT","content-type":"application/json; charset=utf-8","transfer-encoding":"chunked","vary":"X-PJAX, X-PJAX-Container, Accept-Encoding, Accept, X-Requested-With","permissions-policy":"interest-cohort=()","etag":"W/\"9aa35a9ad647c5786769f5f0011d51d8\"","cache-control":"max-age=0, private, must-revalidate","strict-transport-security":"max-age=31536000; includeSubdomains; preload","x-frame-options":"deny","x-content-type-options":"nosniff","x-xss-protection":"0","referrer-policy":"origin-when-cross-origin, strict-origin-when-cross-origin","expect-ct":"max-age=2592000, report-uri=\"https://api.github.com/_private/browser/errors\"","content-security-policy":"default-src 'none'; base-uri 'self'; block-all-mixed-content; child-src github.com/assets-cdn/worker/ gist.github.com/assets-cdn/worker/; connect-src 'self' uploads.github.com objects-origin.githubusercontent.com www.githubstatus.com collector.githubapp.com api.github.com github-cloud.s3.amazonaws.com github-production-repository-file-5c1aeb.s3.amazonaws.com github-production-upload-manifest-file-7fdce7.s3.amazonaws.com github-production-user-asset-6210df.s3.amazonaws.com cdn.optimizely.com logx.optimizely.com/v1/events translator.github.com wss://alive.github.com; font-src github.githubassets.com; form-action 'self' github.com gist.github.com objects-origin.githubusercontent.com; frame-ancestors 'none'; frame-src render.githubusercontent.com viewscreen.githubusercontent.com notebooks.githubusercontent.com; img-src 'self' data: github.githubassets.com identicons.github.com collector.githubapp.com github-cloud.s3.amazonaws.com secured-user-images.githubusercontent.com/ *.githubusercontent.com; manifest-src 'self'; media-src github.com user-images.githubusercontent.com/; script-src github.githubassets.com; style-src 'unsafe-inline' github.githubassets.com; worker-src github.com/assets-cdn/worker/ gist.github.com/assets-cdn/worker/","x-github-request-id":"054F:2C1C:13DBBC4:14E4077:61868889"}
[debug] [2021-11-06T13:52:10.606Z] >>> [apiv2][query] GET https://api.github.com/user [none]
[debug] [2021-11-06T13:52:11.026Z] <<< [apiv2][status] GET https://api.github.com/user 200
[debug] [2021-11-06T13:52:11.026Z] <<< [apiv2][body] GET https://api.github.com/user {"login":"SergeyAberyasev","id":72988055,"node_id":"MDQ6VXNlcjcyOTg4MDU1","avatar_url":"https://avatars.githubusercontent.com/u/72988055?v=4","gravatar_id":"","url":"https://api.github.com/users/SergeyAberyasev","html_url":"https://github.com/SergeyAberyasev","followers_url":"https://api.github.com/users/SergeyAberyasev/followers","following_url":"https://api.github.com/users/SergeyAberyasev/following{/other_user}","gists_url":"https://api.github.com/users/SergeyAberyasev/gists{/gist_id}","starred_url":"https://api.github.com/users/SergeyAberyasev/starred{/owner}{/repo}","subscriptions_url":"https://api.github.com/users/SergeyAberyasev/subscriptions","organizations_url":"https://api.github.com/users/SergeyAberyasev/orgs","repos_url":"https://api.github.com/users/SergeyAberyasev/repos","events_url":"https://api.github.com/users/SergeyAberyasev/events{/privacy}","received_events_url":"https://api.github.com/users/SergeyAberyasev/received_events","type":"User","site_admin":false,"name":"Sergey Aberyasev","company":null,"blog":"","location":"RU","email":null,"hireable":null,"bio":"Vue js (Vuex), Javascript, Python.","twitter_username":null,"public_repos":3,"public_gists":0,"followers":0,"following":0,"created_at":"2020-10-16T15:33:31Z","updated_at":"2021-11-05T13:27:18Z","private_gists":0,"total_private_repos":3,"owned_private_repos":3,"disk_usage":1476,"collaborators":0,"two_factor_authentication":false,"plan":{"name":"free","space":976562499,"collaborators":0,"private_repos":10000}}
[info] 
[info] +  Success! Logged into GitHub as SergeyAberyasev 
[info] 
[debug] [2021-11-06T13:53:23.187Z] >>> [apiv2][query] GET https://api.github.com/repos//actions/secrets/public-key type=owner
[debug] [2021-11-06T13:53:23.577Z] <<< [apiv2][status] GET https://api.github.com/repos//actions/secrets/public-key 404
[debug] [2021-11-06T13:53:23.577Z] <<< [apiv2][body] GET https://api.github.com/repos//actions/secrets/public-key {"message":"Not Found","documentation_url":"https://docs.github.com/rest"}
[debug] [2021-11-06T13:53:26.322Z] >>> [apiv2][query] GET https://api.github.com/repos/calculate-cash-flow-vue3/actions/secrets/public-key type=owner
[debug] [2021-11-06T13:53:26.673Z] <<< [apiv2][status] GET https://api.github.com/repos/calculate-cash-flow-vue3/actions/secrets/public-key 404
[debug] [2021-11-06T13:53:26.673Z] <<< [apiv2][body] GET https://api.github.com/repos/calculate-cash-flow-vue3/actions/secrets/public-key {"message":"Not Found","documentation_url":"https://docs.github.com/rest"}
